<?xml version="1.0" encoding="UTF-8"?>
<!-- Generated by org.testng.reporters.JUnitReportReporter -->
<testsuite hostname="DESKTOP-QTH2HED" failures="0" tests="2" name="neoStoxTestClasses.ValidateNeoStoxUserNameUsingPropertyFile" time="24.213" errors="0" timestamp="2025-02-05T13:23:47 IST" skipped="0">
  <testcase classname="neoStoxTestClasses.ValidateNeoStoxUserNameUsingPropertyFile" name="validateAcBalance" time="14.274">
    <system-out>
      <![CDATA[gettting AC Balance
Acaount balance is--> Rs.5,00,000.00
TCvalidateAcBalancePassed]]>
    </system-out>
  </testcase> <!-- validateAcBalance -->
  <testcase classname="neoStoxTestClasses.ValidateNeoStoxUserNameUsingPropertyFile" name="validateNeostoxUserName" time="9.939">
    <system-out>
      <![CDATA[gettting actual userName
actual userName is--> Hi Pratish Godbharle
Reading data from property file
data is--> Hi Pratish Godbharle
Reading data from property file
data is--> TCID-1234
taking screenshort
screenShort taken and saved at--> D:\eclipse-workspace\Screenshot\TCID-1234Ysk.png
TCvalidateNeostoxUserNamePassed]]>
    </system-out>
  </testcase> <!-- validateNeostoxUserName -->
  <system-out>
    <![CDATA[Reading data from property file
data is--> https://neostox.com/
Launching NeostoxApp
watting for 100ms
clicking on signIn button
watting for 1000ms
Reading data from property file
data is--> 8421489179
entering mobile No
clicking on submit button
watting for 1000ms
Reading data from property file
data is--> 1234
entering password
clicking on password submit button
watting for 1000ms
there is no pop-up
gettting AC Balance
Acaount balance is--> Rs.5,00,000.00
TCvalidateAcBalancePassed
logging out from NeoStox
clicking on signIn button
watting for 1000ms
Reading data from property file
data is--> 8421489179
entering mobile No
clicking on submit button
watting for 1000ms
Reading data from property file
data is--> 1234
entering password
clicking on password submit button
watting for 1000ms
there is no pop-up
gettting actual userName
actual userName is--> Hi Pratish Godbharle
Reading data from property file
data is--> Hi Pratish Godbharle
Reading data from property file
data is--> TCID-1234
taking screenshort
screenShort taken and saved at--> D:\eclipse-workspace\Screenshot\TCID-1234Ysk.png
TCvalidateNeostoxUserNamePassed
logging out from NeoStox
Closing Browser]]>
  </system-out>
</testsuite> <!-- neoStoxTestClasses.ValidateNeoStoxUserNameUsingPropertyFile -->
